<?xml version="1.0" encoding="UTF-8"?>
<testng-results ignored="0" total="2" passed="1" failed="1" skipped="0">
  <reporter-output>
  </reporter-output>
  <suite started-at="2024-11-18T17:06:42 IST" name="Default suite" finished-at="2024-11-18T17:06:53 IST" duration-ms="11189">
    <groups>
    </groups>
    <test started-at="2024-11-18T17:06:42 IST" name="Default test" finished-at="2024-11-18T17:06:53 IST" duration-ms="11189">
      <class name="tests.Producttest">
        <test-method is-config="true" signature="beftest()[pri:0, instance:tests.Producttest@2af004b]" started-at="2024-11-18T17:06:42 IST" name="beftest" finished-at="2024-11-18T17:06:45 IST" duration-ms="2628" status="PASS">
          <reporter-output>
          </reporter-output>
        </test-method> <!-- beftest -->
        <test-method is-config="true" signature="setup()[pri:0, instance:tests.Producttest@2af004b]" started-at="2024-11-18T17:06:45 IST" name="setup" finished-at="2024-11-18T17:06:46 IST" duration-ms="1860" status="PASS">
          <reporter-output>
          </reporter-output>
        </test-method> <!-- setup -->
        <test-method signature="test1productpurchase()[pri:0, instance:tests.Producttest@2af004b]" started-at="2024-11-18T17:06:46 IST" name="test1productpurchase" finished-at="2024-11-18T17:06:47 IST" duration-ms="20" status="PASS">
          <reporter-output>
          </reporter-output>
        </test-method> <!-- test1productpurchase -->
        <test-method is-config="true" signature="browserclose(org.testng.ITestResult)[pri:0, instance:tests.Producttest@2af004b]" started-at="2024-11-18T17:06:47 IST" name="browserclose" finished-at="2024-11-18T17:06:47 IST" duration-ms="4" status="PASS">
          <params>
            <param index="0">
              <value>
                <![CDATA[[TestResult name=test1productpurchase status=SUCCESS method=Producttest.test1productpurchase()[pri:0, instance:tests.Producttest@2af004b] output={null}]]]>
              </value>
            </param>
          </params>
          <reporter-output>
          </reporter-output>
        </test-method> <!-- browserclose -->
        <test-method is-config="true" signature="setup()[pri:0, instance:tests.Producttest@2af004b]" started-at="2024-11-18T17:06:47 IST" name="setup" finished-at="2024-11-18T17:06:47 IST" duration-ms="262" status="PASS">
          <reporter-output>
          </reporter-output>
        </test-method> <!-- setup -->
        <test-method signature="test2productpurchase()[pri:0, instance:tests.Producttest@2af004b]" started-at="2024-11-18T17:06:47 IST" name="test2productpurchase" finished-at="2024-11-18T17:06:53 IST" duration-ms="5999" status="FAIL">
          <exception class="java.lang.AssertionError">
            <message>
              <![CDATA[The following asserts failed:
test is failed expected [valid] but found [7digit account number],
test is passed expected [valid] but found [2digit cvv],
test is passed expected [valid] but found [ accno with character],
test is passed expected [valid] but found [ cvv with character],
test is passed expected [valid] but found [15 digit accno]]]>
            </message>
            <full-stacktrace>
              <![CDATA[java.lang.AssertionError: The following asserts failed:
test is failed expected [valid] but found [7digit account number],
test is passed expected [valid] but found [2digit cvv],
test is passed expected [valid] but found [ accno with character],
test is passed expected [valid] but found [ cvv with character],
test is passed expected [valid] but found [15 digit accno]
at org.testng.asserts.SoftAssert.assertAll(SoftAssert.java:46)
at org.testng.asserts.SoftAssert.assertAll(SoftAssert.java:30)
at tests.Producttest.test2productpurchase(Producttest.java:59)
at java.base/jdk.internal.reflect.DirectMethodHandleAccessor.invoke(DirectMethodHandleAccessor.java:103)
at java.base/java.lang.reflect.Method.invoke(Method.java:580)
at org.testng.internal.invokers.MethodInvocationHelper.invokeMethod(MethodInvocationHelper.java:139)
at org.testng.internal.invokers.TestInvoker.invokeMethod(TestInvoker.java:677)
at org.testng.internal.invokers.TestInvoker.invokeTestMethod(TestInvoker.java:221)
at org.testng.internal.invokers.MethodRunner.runInSequence(MethodRunner.java:50)
at org.testng.internal.invokers.TestInvoker$MethodInvocationAgent.invoke(TestInvoker.java:969)
at org.testng.internal.invokers.TestInvoker.invokeTestMethods(TestInvoker.java:194)
at org.testng.internal.invokers.TestMethodWorker.invokeTestMethods(TestMethodWorker.java:148)
at org.testng.internal.invokers.TestMethodWorker.run(TestMethodWorker.java:128)
at java.base/java.util.ArrayList.forEach(ArrayList.java:1596)
at org.testng.TestRunner.privateRun(TestRunner.java:829)
at org.testng.TestRunner.run(TestRunner.java:602)
at org.testng.SuiteRunner.runTest(SuiteRunner.java:437)
at org.testng.SuiteRunner.runSequentially(SuiteRunner.java:431)
at org.testng.SuiteRunner.privateRun(SuiteRunner.java:391)
at org.testng.SuiteRunner.run(SuiteRunner.java:330)
at org.testng.SuiteRunnerWorker.runSuite(SuiteRunnerWorker.java:52)
at org.testng.SuiteRunnerWorker.run(SuiteRunnerWorker.java:95)
at org.testng.TestNG.runSuitesSequentially(TestNG.java:1256)
at org.testng.TestNG.runSuitesLocally(TestNG.java:1176)
at org.testng.TestNG.runSuites(TestNG.java:1099)
at org.testng.TestNG.run(TestNG.java:1067)
at org.testng.remote.AbstractRemoteTestNG.run(AbstractRemoteTestNG.java:115)
at org.testng.remote.RemoteTestNG.initAndRun(RemoteTestNG.java:293)
at org.testng.remote.RemoteTestNG.main(RemoteTestNG.java:91)
]]>
            </full-stacktrace>
          </exception> <!-- java.lang.AssertionError -->
          <reporter-output>
          </reporter-output>
        </test-method> <!-- test2productpurchase -->
        <test-method is-config="true" signature="browserclose(org.testng.ITestResult)[pri:0, instance:tests.Producttest@2af004b]" started-at="2024-11-18T17:06:53 IST" name="browserclose" finished-at="2024-11-18T17:06:53 IST" duration-ms="138" status="PASS">
          <params>
            <param index="0">
              <value>
                <![CDATA[[TestResult name=test2productpurchase status=FAILURE method=Producttest.test2productpurchase()[pri:0, instance:tests.Producttest@2af004b] output={null}]]]>
              </value>
            </param>
          </params>
          <reporter-output>
          </reporter-output>
        </test-method> <!-- browserclose -->
        <test-method is-config="true" signature="teardown()[pri:0, instance:tests.Producttest@2af004b]" started-at="2024-11-18T17:06:53 IST" name="teardown" finished-at="2024-11-18T17:06:53 IST" duration-ms="237" status="PASS">
          <reporter-output>
          </reporter-output>
        </test-method> <!-- teardown -->
      </class> <!-- tests.Producttest -->
    </test> <!-- Default test -->
  </suite> <!-- Default suite -->
</testng-results>
